The system is: Linux - 4.15.0-20-generic - x86_64
Compiling the C compiler identification source file "CMakeCCompilerId.c" succeeded.
Compiler: /usr/bin/cc 
Build flags: 
Id flags:  

The output was:
0


Compilation of the C compiler identification source "CMakeCCompilerId.c" produced "a.out"

The C compiler identification is GNU, found in "/home/psy/Documentos/GitProjects/icmc-cg/build/glfw/src/glfw-build/CMakeFiles/3.10.2/CompilerIdC/a.out"

Determining if the C compiler works passed with the following output:
Change Dir: /home/psy/Documentos/GitProjects/icmc-cg/build/glfw/src/glfw-build/CMakeFiles/CMakeTmp

Run Build Command:"/usr/bin/make" "cmTC_676f7/fast"
make[3]: Entering directory '/home/psy/Documentos/GitProjects/icmc-cg/build/glfw/src/glfw-build/CMakeFiles/CMakeTmp'
/usr/bin/make -f CMakeFiles/cmTC_676f7.dir/build.make CMakeFiles/cmTC_676f7.dir/build
make[4]: Entering directory '/home/psy/Documentos/GitProjects/icmc-cg/build/glfw/src/glfw-build/CMakeFiles/CMakeTmp'
Building C object CMakeFiles/cmTC_676f7.dir/testCCompiler.c.o
/usr/bin/cc    -o CMakeFiles/cmTC_676f7.dir/testCCompiler.c.o   -c /home/psy/Documentos/GitProjects/icmc-cg/build/glfw/src/glfw-build/CMakeFiles/CMakeTmp/testCCompiler.c
Linking C executable cmTC_676f7
/usr/bin/cmake -E cmake_link_script CMakeFiles/cmTC_676f7.dir/link.txt --verbose=1
/usr/bin/cc      -rdynamic CMakeFiles/cmTC_676f7.dir/testCCompiler.c.o  -o cmTC_676f7 
make[4]: Leaving directory '/home/psy/Documentos/GitProjects/icmc-cg/build/glfw/src/glfw-build/CMakeFiles/CMakeTmp'
make[3]: Leaving directory '/home/psy/Documentos/GitProjects/icmc-cg/build/glfw/src/glfw-build/CMakeFiles/CMakeTmp'


Detecting C compiler ABI info compiled with the following output:
Change Dir: /home/psy/Documentos/GitProjects/icmc-cg/build/glfw/src/glfw-build/CMakeFiles/CMakeTmp

Run Build Command:"/usr/bin/make" "cmTC_7ac90/fast"
make[3]: Entering directory '/home/psy/Documentos/GitProjects/icmc-cg/build/glfw/src/glfw-build/CMakeFiles/CMakeTmp'
/usr/bin/make -f CMakeFiles/cmTC_7ac90.dir/build.make CMakeFiles/cmTC_7ac90.dir/build
make[4]: Entering directory '/home/psy/Documentos/GitProjects/icmc-cg/build/glfw/src/glfw-build/CMakeFiles/CMakeTmp'
Building C object CMakeFiles/cmTC_7ac90.dir/CMakeCCompilerABI.c.o
/usr/bin/cc    -o CMakeFiles/cmTC_7ac90.dir/CMakeCCompilerABI.c.o   -c /usr/share/cmake-3.10/Modules/CMakeCCompilerABI.c
Linking C executable cmTC_7ac90
/usr/bin/cmake -E cmake_link_script CMakeFiles/cmTC_7ac90.dir/link.txt --verbose=1
/usr/bin/cc     -v -rdynamic CMakeFiles/cmTC_7ac90.dir/CMakeCCompilerABI.c.o  -o cmTC_7ac90 
Using built-in specs.
COLLECT_GCC=/usr/bin/cc
COLLECT_LTO_WRAPPER=/usr/lib/gcc/x86_64-linux-gnu/7/lto-wrapper
OFFLOAD_TARGET_NAMES=nvptx-none
OFFLOAD_TARGET_DEFAULT=1
Target: x86_64-linux-gnu
Configured with: ../src/configure -v --with-pkgversion='Ubuntu 7.3.0-27ubuntu1~18.04' --with-bugurl=file:///usr/share/doc/gcc-7/README.Bugs --enable-languages=c,ada,c++,go,brig,d,fortran,objc,obj-c++ --prefix=/usr --with-gcc-major-version-only --program-suffix=-7 --program-prefix=x86_64-linux-gnu- --enable-shared --enable-linker-build-id --libexecdir=/usr/lib --without-included-gettext --enable-threads=posix --libdir=/usr/lib --enable-nls --with-sysroot=/ --enable-clocale=gnu --enable-libstdcxx-debug --enable-libstdcxx-time=yes --with-default-libstdcxx-abi=new --enable-gnu-unique-object --disable-vtable-verify --enable-libmpx --enable-plugin --enable-default-pie --with-system-zlib --with-target-system-zlib --enable-objc-gc=auto --enable-multiarch --disable-werror --with-arch-32=i686 --with-abi=m64 --with-multilib-list=m32,m64,mx32 --enable-multilib --with-tune=generic --enable-offload-targets=nvptx-none --without-cuda-driver --enable-checking=release --build=x86_64-linux-gnu --host=x86_64-linux-gnu --target=x86_64-linux-gnu
Thread model: posix
gcc version 7.3.0 (Ubuntu 7.3.0-27ubuntu1~18.04) 
COMPILER_PATH=/usr/lib/gcc/x86_64-linux-gnu/7/:/usr/lib/gcc/x86_64-linux-gnu/7/:/usr/lib/gcc/x86_64-linux-gnu/:/usr/lib/gcc/x86_64-linux-gnu/7/:/usr/lib/gcc/x86_64-linux-gnu/
LIBRARY_PATH=/usr/lib/gcc/x86_64-linux-gnu/7/:/usr/lib/gcc/x86_64-linux-gnu/7/../../../x86_64-linux-gnu/:/usr/lib/gcc/x86_64-linux-gnu/7/../../../../lib/:/lib/x86_64-linux-gnu/:/lib/../lib/:/usr/lib/x86_64-linux-gnu/:/usr/lib/../lib/:/usr/lib/gcc/x86_64-linux-gnu/7/../../../:/lib/:/usr/lib/
COLLECT_GCC_OPTIONS='-v' '-rdynamic' '-o' 'cmTC_7ac90' '-mtune=generic' '-march=x86-64'
 /usr/lib/gcc/x86_64-linux-gnu/7/collect2 -plugin /usr/lib/gcc/x86_64-linux-gnu/7/liblto_plugin.so -plugin-opt=/usr/lib/gcc/x86_64-linux-gnu/7/lto-wrapper -plugin-opt=-fresolution=/tmp/cc2Z33VH.res -plugin-opt=-pass-through=-lgcc -plugin-opt=-pass-through=-lgcc_s -plugin-opt=-pass-through=-lc -plugin-opt=-pass-through=-lgcc -plugin-opt=-pass-through=-lgcc_s --sysroot=/ --build-id --eh-frame-hdr -m elf_x86_64 --hash-style=gnu --as-needed -export-dynamic -dynamic-linker /lib64/ld-linux-x86-64.so.2 -pie -z now -z relro -o cmTC_7ac90 /usr/lib/gcc/x86_64-linux-gnu/7/../../../x86_64-linux-gnu/Scrt1.o /usr/lib/gcc/x86_64-linux-gnu/7/../../../x86_64-linux-gnu/crti.o /usr/lib/gcc/x86_64-linux-gnu/7/crtbeginS.o -L/usr/lib/gcc/x86_64-linux-gnu/7 -L/usr/lib/gcc/x86_64-linux-gnu/7/../../../x86_64-linux-gnu -L/usr/lib/gcc/x86_64-linux-gnu/7/../../../../lib -L/lib/x86_64-linux-gnu -L/lib/../lib -L/usr/lib/x86_64-linux-gnu -L/usr/lib/../lib -L/usr/lib/gcc/x86_64-linux-gnu/7/../../.. CMakeFiles/cmTC_7ac90.dir/CMakeCCompilerABI.c.o -lgcc --push-state --as-needed -lgcc_s --pop-state -lc -lgcc --push-state --as-needed -lgcc_s --pop-state /usr/lib/gcc/x86_64-linux-gnu/7/crtendS.o /usr/lib/gcc/x86_64-linux-gnu/7/../../../x86_64-linux-gnu/crtn.o
COLLECT_GCC_OPTIONS='-v' '-rdynamic' '-o' 'cmTC_7ac90' '-mtune=generic' '-march=x86-64'
make[4]: Leaving directory '/home/psy/Documentos/GitProjects/icmc-cg/build/glfw/src/glfw-build/CMakeFiles/CMakeTmp'
make[3]: Leaving directory '/home/psy/Documentos/GitProjects/icmc-cg/build/glfw/src/glfw-build/CMakeFiles/CMakeTmp'


Parsed C implicit link information from above output:
  link line regex: [^( *|.*[/\])(ld|CMAKE_LINK_STARTFILE-NOTFOUND|([^/\]+-)?ld|collect2)[^/\]*( |$)]
  ignore line: [Change Dir: /home/psy/Documentos/GitProjects/icmc-cg/build/glfw/src/glfw-build/CMakeFiles/CMakeTmp]
  ignore line: []
  ignore line: [Run Build Command:"/usr/bin/make" "cmTC_7ac90/fast"]
  ignore line: [make[3]: Entering directory '/home/psy/Documentos/GitProjects/icmc-cg/build/glfw/src/glfw-build/CMakeFiles/CMakeTmp']
  ignore line: [/usr/bin/make -f CMakeFiles/cmTC_7ac90.dir/build.make CMakeFiles/cmTC_7ac90.dir/build]
  ignore line: [make[4]: Entering directory '/home/psy/Documentos/GitProjects/icmc-cg/build/glfw/src/glfw-build/CMakeFiles/CMakeTmp']
  ignore line: [Building C object CMakeFiles/cmTC_7ac90.dir/CMakeCCompilerABI.c.o]
  ignore line: [/usr/bin/cc    -o CMakeFiles/cmTC_7ac90.dir/CMakeCCompilerABI.c.o   -c /usr/share/cmake-3.10/Modules/CMakeCCompilerABI.c]
  ignore line: [Linking C executable cmTC_7ac90]
  ignore line: [/usr/bin/cmake -E cmake_link_script CMakeFiles/cmTC_7ac90.dir/link.txt --verbose=1]
  ignore line: [/usr/bin/cc     -v -rdynamic CMakeFiles/cmTC_7ac90.dir/CMakeCCompilerABI.c.o  -o cmTC_7ac90 ]
  ignore line: [Using built-in specs.]
  ignore line: [COLLECT_GCC=/usr/bin/cc]
  ignore line: [COLLECT_LTO_WRAPPER=/usr/lib/gcc/x86_64-linux-gnu/7/lto-wrapper]
  ignore line: [OFFLOAD_TARGET_NAMES=nvptx-none]
  ignore line: [OFFLOAD_TARGET_DEFAULT=1]
  ignore line: [Target: x86_64-linux-gnu]
  ignore line: [Configured with: ../src/configure -v --with-pkgversion='Ubuntu 7.3.0-27ubuntu1~18.04' --with-bugurl=file:///usr/share/doc/gcc-7/README.Bugs --enable-languages=c,ada,c++,go,brig,d,fortran,objc,obj-c++ --prefix=/usr --with-gcc-major-version-only --program-suffix=-7 --program-prefix=x86_64-linux-gnu- --enable-shared --enable-linker-build-id --libexecdir=/usr/lib --without-included-gettext --enable-threads=posix --libdir=/usr/lib --enable-nls --with-sysroot=/ --enable-clocale=gnu --enable-libstdcxx-debug --enable-libstdcxx-time=yes --with-default-libstdcxx-abi=new --enable-gnu-unique-object --disable-vtable-verify --enable-libmpx --enable-plugin --enable-default-pie --with-system-zlib --with-target-system-zlib --enable-objc-gc=auto --enable-multiarch --disable-werror --with-arch-32=i686 --with-abi=m64 --with-multilib-list=m32,m64,mx32 --enable-multilib --with-tune=generic --enable-offload-targets=nvptx-none --without-cuda-driver --enable-checking=release --build=x86_64-linux-gnu --host=x86_64-linux-gnu --target=x86_64-linux-gnu]
  ignore line: [Thread model: posix]
  ignore line: [gcc version 7.3.0 (Ubuntu 7.3.0-27ubuntu1~18.04) ]
  ignore line: [COMPILER_PATH=/usr/lib/gcc/x86_64-linux-gnu/7/:/usr/lib/gcc/x86_64-linux-gnu/7/:/usr/lib/gcc/x86_64-linux-gnu/:/usr/lib/gcc/x86_64-linux-gnu/7/:/usr/lib/gcc/x86_64-linux-gnu/]
  ignore line: [LIBRARY_PATH=/usr/lib/gcc/x86_64-linux-gnu/7/:/usr/lib/gcc/x86_64-linux-gnu/7/../../../x86_64-linux-gnu/:/usr/lib/gcc/x86_64-linux-gnu/7/../../../../lib/:/lib/x86_64-linux-gnu/:/lib/../lib/:/usr/lib/x86_64-linux-gnu/:/usr/lib/../lib/:/usr/lib/gcc/x86_64-linux-gnu/7/../../../:/lib/:/usr/lib/]
  ignore line: [COLLECT_GCC_OPTIONS='-v' '-rdynamic' '-o' 'cmTC_7ac90' '-mtune=generic' '-march=x86-64']
  link line: [ /usr/lib/gcc/x86_64-linux-gnu/7/collect2 -plugin /usr/lib/gcc/x86_64-linux-gnu/7/liblto_plugin.so -plugin-opt=/usr/lib/gcc/x86_64-linux-gnu/7/lto-wrapper -plugin-opt=-fresolution=/tmp/cc2Z33VH.res -plugin-opt=-pass-through=-lgcc -plugin-opt=-pass-through=-lgcc_s -plugin-opt=-pass-through=-lc -plugin-opt=-pass-through=-lgcc -plugin-opt=-pass-through=-lgcc_s --sysroot=/ --build-id --eh-frame-hdr -m elf_x86_64 --hash-style=gnu --as-needed -export-dynamic -dynamic-linker /lib64/ld-linux-x86-64.so.2 -pie -z now -z relro -o cmTC_7ac90 /usr/lib/gcc/x86_64-linux-gnu/7/../../../x86_64-linux-gnu/Scrt1.o /usr/lib/gcc/x86_64-linux-gnu/7/../../../x86_64-linux-gnu/crti.o /usr/lib/gcc/x86_64-linux-gnu/7/crtbeginS.o -L/usr/lib/gcc/x86_64-linux-gnu/7 -L/usr/lib/gcc/x86_64-linux-gnu/7/../../../x86_64-linux-gnu -L/usr/lib/gcc/x86_64-linux-gnu/7/../../../../lib -L/lib/x86_64-linux-gnu -L/lib/../lib -L/usr/lib/x86_64-linux-gnu -L/usr/lib/../lib -L/usr/lib/gcc/x86_64-linux-gnu/7/../../.. CMakeFiles/cmTC_7ac90.dir/CMakeCCompilerABI.c.o -lgcc --push-state --as-needed -lgcc_s --pop-state -lc -lgcc --push-state --as-needed -lgcc_s --pop-state /usr/lib/gcc/x86_64-linux-gnu/7/crtendS.o /usr/lib/gcc/x86_64-linux-gnu/7/../../../x86_64-linux-gnu/crtn.o]
    arg [/usr/lib/gcc/x86_64-linux-gnu/7/collect2] ==> ignore
    arg [-plugin] ==> ignore
    arg [/usr/lib/gcc/x86_64-linux-gnu/7/liblto_plugin.so] ==> ignore
    arg [-plugin-opt=/usr/lib/gcc/x86_64-linux-gnu/7/lto-wrapper] ==> ignore
    arg [-plugin-opt=-fresolution=/tmp/cc2Z33VH.res] ==> ignore
    arg [-plugin-opt=-pass-through=-lgcc] ==> ignore
    arg [-plugin-opt=-pass-through=-lgcc_s] ==> ignore
    arg [-plugin-opt=-pass-through=-lc] ==> ignore
    arg [-plugin-opt=-pass-through=-lgcc] ==> ignore
    arg [-plugin-opt=-pass-through=-lgcc_s] ==> ignore
    arg [--sysroot=/] ==> ignore
    arg [--build-id] ==> ignore
    arg [--eh-frame-hdr] ==> ignore
    arg [-m] ==> ignore
    arg [elf_x86_64] ==> ignore
    arg [--hash-style=gnu] ==> ignore
    arg [--as-needed] ==> ignore
    arg [-export-dynamic] ==> ignore
    arg [-dynamic-linker] ==> ignore
    arg [/lib64/ld-linux-x86-64.so.2] ==> ignore
    arg [-pie] ==> ignore
    arg [-znow] ==> ignore
    arg [-zrelro] ==> ignore
    arg [-o] ==> ignore
    arg [cmTC_7ac90] ==> ignore
    arg [/usr/lib/gcc/x86_64-linux-gnu/7/../../../x86_64-linux-gnu/Scrt1.o] ==> ignore
    arg [/usr/lib/gcc/x86_64-linux-gnu/7/../../../x86_64-linux-gnu/crti.o] ==> ignore
    arg [/usr/lib/gcc/x86_64-linux-gnu/7/crtbeginS.o] ==> ignore
    arg [-L/usr/lib/gcc/x86_64-linux-gnu/7] ==> dir [/usr/lib/gcc/x86_64-linux-gnu/7]
    arg [-L/usr/lib/gcc/x86_64-linux-gnu/7/../../../x86_64-linux-gnu] ==> dir [/usr/lib/gcc/x86_64-linux-gnu/7/../../../x86_64-linux-gnu]
    arg [-L/usr/lib/gcc/x86_64-linux-gnu/7/../../../../lib] ==> dir [/usr/lib/gcc/x86_64-linux-gnu/7/../../../../lib]
    arg [-L/lib/x86_64-linux-gnu] ==> dir [/lib/x86_64-linux-gnu]
    arg [-L/lib/../lib] ==> dir [/lib/../lib]
    arg [-L/usr/lib/x86_64-linux-gnu] ==> dir [/usr/lib/x86_64-linux-gnu]
    arg [-L/usr/lib/../lib] ==> dir [/usr/lib/../lib]
    arg [-L/usr/lib/gcc/x86_64-linux-gnu/7/../../..] ==> dir [/usr/lib/gcc/x86_64-linux-gnu/7/../../..]
    arg [CMakeFiles/cmTC_7ac90.dir/CMakeCCompilerABI.c.o] ==> ignore
    arg [-lgcc] ==> lib [gcc]
    arg [--push-state] ==> ignore
    arg [--as-needed] ==> ignore
    arg [-lgcc_s] ==> lib [gcc_s]
    arg [--pop-state] ==> ignore
    arg [-lc] ==> lib [c]
    arg [-lgcc] ==> lib [gcc]
    arg [--push-state] ==> ignore
    arg [--as-needed] ==> ignore
    arg [-lgcc_s] ==> lib [gcc_s]
    arg [--pop-state] ==> ignore
    arg [/usr/lib/gcc/x86_64-linux-gnu/7/crtendS.o] ==> ignore
    arg [/usr/lib/gcc/x86_64-linux-gnu/7/../../../x86_64-linux-gnu/crtn.o] ==> ignore
  collapse library dir [/usr/lib/gcc/x86_64-linux-gnu/7] ==> [/usr/lib/gcc/x86_64-linux-gnu/7]
  collapse library dir [/usr/lib/gcc/x86_64-linux-gnu/7/../../../x86_64-linux-gnu] ==> [/usr/lib/x86_64-linux-gnu]
  collapse library dir [/usr/lib/gcc/x86_64-linux-gnu/7/../../../../lib] ==> [/usr/lib]
  collapse library dir [/lib/x86_64-linux-gnu] ==> [/lib/x86_64-linux-gnu]
  collapse library dir [/lib/../lib] ==> [/lib]
  collapse library dir [/usr/lib/x86_64-linux-gnu] ==> [/usr/lib/x86_64-linux-gnu]
  collapse library dir [/usr/lib/../lib] ==> [/usr/lib]
  collapse library dir [/usr/lib/gcc/x86_64-linux-gnu/7/../../..] ==> [/usr/lib]
  implicit libs: [gcc;gcc_s;c;gcc;gcc_s]
  implicit dirs: [/usr/lib/gcc/x86_64-linux-gnu/7;/usr/lib/x86_64-linux-gnu;/usr/lib;/lib/x86_64-linux-gnu;/lib]
  implicit fwks: []




Detecting C [-std=c11] compiler features compiled with the following output:
Change Dir: /home/psy/Documentos/GitProjects/icmc-cg/build/glfw/src/glfw-build/CMakeFiles/CMakeTmp

Run Build Command:"/usr/bin/make" "cmTC_1ffa5/fast"
make[3]: Entering directory '/home/psy/Documentos/GitProjects/icmc-cg/build/glfw/src/glfw-build/CMakeFiles/CMakeTmp'
/usr/bin/make -f CMakeFiles/cmTC_1ffa5.dir/build.make CMakeFiles/cmTC_1ffa5.dir/build
make[4]: Entering directory '/home/psy/Documentos/GitProjects/icmc-cg/build/glfw/src/glfw-build/CMakeFiles/CMakeTmp'
Building C object CMakeFiles/cmTC_1ffa5.dir/feature_tests.c.o
/usr/bin/cc   -std=c11 -o CMakeFiles/cmTC_1ffa5.dir/feature_tests.c.o   -c /home/psy/Documentos/GitProjects/icmc-cg/build/glfw/src/glfw-build/CMakeFiles/feature_tests.c
Linking C executable cmTC_1ffa5
/usr/bin/cmake -E cmake_link_script CMakeFiles/cmTC_1ffa5.dir/link.txt --verbose=1
/usr/bin/cc      -rdynamic CMakeFiles/cmTC_1ffa5.dir/feature_tests.c.o  -o cmTC_1ffa5 
make[4]: Leaving directory '/home/psy/Documentos/GitProjects/icmc-cg/build/glfw/src/glfw-build/CMakeFiles/CMakeTmp'
make[3]: Leaving directory '/home/psy/Documentos/GitProjects/icmc-cg/build/glfw/src/glfw-build/CMakeFiles/CMakeTmp'


    Feature record: C_FEATURE:1c_function_prototypes
    Feature record: C_FEATURE:1c_restrict
    Feature record: C_FEATURE:1c_static_assert
    Feature record: C_FEATURE:1c_variadic_macros


Detecting C [-std=c99] compiler features compiled with the following output:
Change Dir: /home/psy/Documentos/GitProjects/icmc-cg/build/glfw/src/glfw-build/CMakeFiles/CMakeTmp

Run Build Command:"/usr/bin/make" "cmTC_01a95/fast"
make[3]: Entering directory '/home/psy/Documentos/GitProjects/icmc-cg/build/glfw/src/glfw-build/CMakeFiles/CMakeTmp'
/usr/bin/make -f CMakeFiles/cmTC_01a95.dir/build.make CMakeFiles/cmTC_01a95.dir/build
make[4]: Entering directory '/home/psy/Documentos/GitProjects/icmc-cg/build/glfw/src/glfw-build/CMakeFiles/CMakeTmp'
Building C object CMakeFiles/cmTC_01a95.dir/feature_tests.c.o
/usr/bin/cc   -std=c99 -o CMakeFiles/cmTC_01a95.dir/feature_tests.c.o   -c /home/psy/Documentos/GitProjects/icmc-cg/build/glfw/src/glfw-build/CMakeFiles/feature_tests.c
Linking C executable cmTC_01a95
/usr/bin/cmake -E cmake_link_script CMakeFiles/cmTC_01a95.dir/link.txt --verbose=1
/usr/bin/cc      -rdynamic CMakeFiles/cmTC_01a95.dir/feature_tests.c.o  -o cmTC_01a95 
make[4]: Leaving directory '/home/psy/Documentos/GitProjects/icmc-cg/build/glfw/src/glfw-build/CMakeFiles/CMakeTmp'
make[3]: Leaving directory '/home/psy/Documentos/GitProjects/icmc-cg/build/glfw/src/glfw-build/CMakeFiles/CMakeTmp'


    Feature record: C_FEATURE:1c_function_prototypes
    Feature record: C_FEATURE:1c_restrict
    Feature record: C_FEATURE:0c_static_assert
    Feature record: C_FEATURE:1c_variadic_macros


Detecting C [-std=c90] compiler features compiled with the following output:
Change Dir: /home/psy/Documentos/GitProjects/icmc-cg/build/glfw/src/glfw-build/CMakeFiles/CMakeTmp

Run Build Command:"/usr/bin/make" "cmTC_9164a/fast"
make[3]: Entering directory '/home/psy/Documentos/GitProjects/icmc-cg/build/glfw/src/glfw-build/CMakeFiles/CMakeTmp'
/usr/bin/make -f CMakeFiles/cmTC_9164a.dir/build.make CMakeFiles/cmTC_9164a.dir/build
make[4]: Entering directory '/home/psy/Documentos/GitProjects/icmc-cg/build/glfw/src/glfw-build/CMakeFiles/CMakeTmp'
Building C object CMakeFiles/cmTC_9164a.dir/feature_tests.c.o
/usr/bin/cc   -std=c90 -o CMakeFiles/cmTC_9164a.dir/feature_tests.c.o   -c /home/psy/Documentos/GitProjects/icmc-cg/build/glfw/src/glfw-build/CMakeFiles/feature_tests.c
Linking C executable cmTC_9164a
/usr/bin/cmake -E cmake_link_script CMakeFiles/cmTC_9164a.dir/link.txt --verbose=1
/usr/bin/cc      -rdynamic CMakeFiles/cmTC_9164a.dir/feature_tests.c.o  -o cmTC_9164a 
make[4]: Leaving directory '/home/psy/Documentos/GitProjects/icmc-cg/build/glfw/src/glfw-build/CMakeFiles/CMakeTmp'
make[3]: Leaving directory '/home/psy/Documentos/GitProjects/icmc-cg/build/glfw/src/glfw-build/CMakeFiles/CMakeTmp'


    Feature record: C_FEATURE:1c_function_prototypes
    Feature record: C_FEATURE:0c_restrict
    Feature record: C_FEATURE:0c_static_assert
    Feature record: C_FEATURE:0c_variadic_macros
Determining if the include file pthread.h exists passed with the following output:
Change Dir: /home/psy/Documentos/GitProjects/icmc-cg/build/glfw/src/glfw-build/CMakeFiles/CMakeTmp

Run Build Command:"/usr/bin/make" "cmTC_d4f49/fast"
make[3]: Entering directory '/home/psy/Documentos/GitProjects/icmc-cg/build/glfw/src/glfw-build/CMakeFiles/CMakeTmp'
/usr/bin/make -f CMakeFiles/cmTC_d4f49.dir/build.make CMakeFiles/cmTC_d4f49.dir/build
make[4]: Entering directory '/home/psy/Documentos/GitProjects/icmc-cg/build/glfw/src/glfw-build/CMakeFiles/CMakeTmp'
Building C object CMakeFiles/cmTC_d4f49.dir/CheckIncludeFile.c.o
/usr/bin/cc    -o CMakeFiles/cmTC_d4f49.dir/CheckIncludeFile.c.o   -c /home/psy/Documentos/GitProjects/icmc-cg/build/glfw/src/glfw-build/CMakeFiles/CMakeTmp/CheckIncludeFile.c
Linking C executable cmTC_d4f49
/usr/bin/cmake -E cmake_link_script CMakeFiles/cmTC_d4f49.dir/link.txt --verbose=1
/usr/bin/cc      -rdynamic CMakeFiles/cmTC_d4f49.dir/CheckIncludeFile.c.o  -o cmTC_d4f49 
make[4]: Leaving directory '/home/psy/Documentos/GitProjects/icmc-cg/build/glfw/src/glfw-build/CMakeFiles/CMakeTmp'
make[3]: Leaving directory '/home/psy/Documentos/GitProjects/icmc-cg/build/glfw/src/glfw-build/CMakeFiles/CMakeTmp'


Determining if the function pthread_create exists in the pthread passed with the following output:
Change Dir: /home/psy/Documentos/GitProjects/icmc-cg/build/glfw/src/glfw-build/CMakeFiles/CMakeTmp

Run Build Command:"/usr/bin/make" "cmTC_c3d2c/fast"
make[3]: Entering directory '/home/psy/Documentos/GitProjects/icmc-cg/build/glfw/src/glfw-build/CMakeFiles/CMakeTmp'
/usr/bin/make -f CMakeFiles/cmTC_c3d2c.dir/build.make CMakeFiles/cmTC_c3d2c.dir/build
make[4]: Entering directory '/home/psy/Documentos/GitProjects/icmc-cg/build/glfw/src/glfw-build/CMakeFiles/CMakeTmp'
Building C object CMakeFiles/cmTC_c3d2c.dir/CheckFunctionExists.c.o
/usr/bin/cc   -DCHECK_FUNCTION_EXISTS=pthread_create   -o CMakeFiles/cmTC_c3d2c.dir/CheckFunctionExists.c.o   -c /usr/share/cmake-3.10/Modules/CheckFunctionExists.c
Linking C executable cmTC_c3d2c
/usr/bin/cmake -E cmake_link_script CMakeFiles/cmTC_c3d2c.dir/link.txt --verbose=1
/usr/bin/cc  -DCHECK_FUNCTION_EXISTS=pthread_create    -rdynamic CMakeFiles/cmTC_c3d2c.dir/CheckFunctionExists.c.o  -o cmTC_c3d2c -lpthread 
make[4]: Leaving directory '/home/psy/Documentos/GitProjects/icmc-cg/build/glfw/src/glfw-build/CMakeFiles/CMakeTmp'
make[3]: Leaving directory '/home/psy/Documentos/GitProjects/icmc-cg/build/glfw/src/glfw-build/CMakeFiles/CMakeTmp'


Determining if the function XOpenDisplay exists in the /usr/lib/x86_64-linux-gnu/libX11.so;/usr/lib/x86_64-linux-gnu/libXext.so passed with the following output:
Change Dir: /home/psy/Documentos/GitProjects/icmc-cg/build/glfw/src/glfw-build/CMakeFiles/CMakeTmp

Run Build Command:"/usr/bin/make" "cmTC_aee5d/fast"
make[3]: Entering directory '/home/psy/Documentos/GitProjects/icmc-cg/build/glfw/src/glfw-build/CMakeFiles/CMakeTmp'
/usr/bin/make -f CMakeFiles/cmTC_aee5d.dir/build.make CMakeFiles/cmTC_aee5d.dir/build
make[4]: Entering directory '/home/psy/Documentos/GitProjects/icmc-cg/build/glfw/src/glfw-build/CMakeFiles/CMakeTmp'
Building C object CMakeFiles/cmTC_aee5d.dir/CheckFunctionExists.c.o
/usr/bin/cc   -DCHECK_FUNCTION_EXISTS=XOpenDisplay   -o CMakeFiles/cmTC_aee5d.dir/CheckFunctionExists.c.o   -c /usr/share/cmake-3.10/Modules/CheckFunctionExists.c
Linking C executable cmTC_aee5d
/usr/bin/cmake -E cmake_link_script CMakeFiles/cmTC_aee5d.dir/link.txt --verbose=1
/usr/bin/cc  -DCHECK_FUNCTION_EXISTS=XOpenDisplay    -rdynamic CMakeFiles/cmTC_aee5d.dir/CheckFunctionExists.c.o  -o cmTC_aee5d /usr/lib/x86_64-linux-gnu/libX11.so /usr/lib/x86_64-linux-gnu/libXext.so 
make[4]: Leaving directory '/home/psy/Documentos/GitProjects/icmc-cg/build/glfw/src/glfw-build/CMakeFiles/CMakeTmp'
make[3]: Leaving directory '/home/psy/Documentos/GitProjects/icmc-cg/build/glfw/src/glfw-build/CMakeFiles/CMakeTmp'


Determining if the function gethostbyname exists passed with the following output:
Change Dir: /home/psy/Documentos/GitProjects/icmc-cg/build/glfw/src/glfw-build/CMakeFiles/CMakeTmp

Run Build Command:"/usr/bin/make" "cmTC_9e293/fast"
make[3]: Entering directory '/home/psy/Documentos/GitProjects/icmc-cg/build/glfw/src/glfw-build/CMakeFiles/CMakeTmp'
/usr/bin/make -f CMakeFiles/cmTC_9e293.dir/build.make CMakeFiles/cmTC_9e293.dir/build
make[4]: Entering directory '/home/psy/Documentos/GitProjects/icmc-cg/build/glfw/src/glfw-build/CMakeFiles/CMakeTmp'
Building C object CMakeFiles/cmTC_9e293.dir/CheckFunctionExists.c.o
/usr/bin/cc   -DCHECK_FUNCTION_EXISTS=gethostbyname   -o CMakeFiles/cmTC_9e293.dir/CheckFunctionExists.c.o   -c /usr/share/cmake-3.10/Modules/CheckFunctionExists.c
Linking C executable cmTC_9e293
/usr/bin/cmake -E cmake_link_script CMakeFiles/cmTC_9e293.dir/link.txt --verbose=1
/usr/bin/cc  -DCHECK_FUNCTION_EXISTS=gethostbyname    -rdynamic CMakeFiles/cmTC_9e293.dir/CheckFunctionExists.c.o  -o cmTC_9e293 
make[4]: Leaving directory '/home/psy/Documentos/GitProjects/icmc-cg/build/glfw/src/glfw-build/CMakeFiles/CMakeTmp'
make[3]: Leaving directory '/home/psy/Documentos/GitProjects/icmc-cg/build/glfw/src/glfw-build/CMakeFiles/CMakeTmp'


Determining if the function connect exists passed with the following output:
Change Dir: /home/psy/Documentos/GitProjects/icmc-cg/build/glfw/src/glfw-build/CMakeFiles/CMakeTmp

Run Build Command:"/usr/bin/make" "cmTC_9a9ac/fast"
make[3]: Entering directory '/home/psy/Documentos/GitProjects/icmc-cg/build/glfw/src/glfw-build/CMakeFiles/CMakeTmp'
/usr/bin/make -f CMakeFiles/cmTC_9a9ac.dir/build.make CMakeFiles/cmTC_9a9ac.dir/build
make[4]: Entering directory '/home/psy/Documentos/GitProjects/icmc-cg/build/glfw/src/glfw-build/CMakeFiles/CMakeTmp'
Building C object CMakeFiles/cmTC_9a9ac.dir/CheckFunctionExists.c.o
/usr/bin/cc   -DCHECK_FUNCTION_EXISTS=connect   -o CMakeFiles/cmTC_9a9ac.dir/CheckFunctionExists.c.o   -c /usr/share/cmake-3.10/Modules/CheckFunctionExists.c
Linking C executable cmTC_9a9ac
/usr/bin/cmake -E cmake_link_script CMakeFiles/cmTC_9a9ac.dir/link.txt --verbose=1
/usr/bin/cc  -DCHECK_FUNCTION_EXISTS=connect    -rdynamic CMakeFiles/cmTC_9a9ac.dir/CheckFunctionExists.c.o  -o cmTC_9a9ac 
make[4]: Leaving directory '/home/psy/Documentos/GitProjects/icmc-cg/build/glfw/src/glfw-build/CMakeFiles/CMakeTmp'
make[3]: Leaving directory '/home/psy/Documentos/GitProjects/icmc-cg/build/glfw/src/glfw-build/CMakeFiles/CMakeTmp'


Determining if the function remove exists passed with the following output:
Change Dir: /home/psy/Documentos/GitProjects/icmc-cg/build/glfw/src/glfw-build/CMakeFiles/CMakeTmp

Run Build Command:"/usr/bin/make" "cmTC_53949/fast"
make[3]: Entering directory '/home/psy/Documentos/GitProjects/icmc-cg/build/glfw/src/glfw-build/CMakeFiles/CMakeTmp'
/usr/bin/make -f CMakeFiles/cmTC_53949.dir/build.make CMakeFiles/cmTC_53949.dir/build
make[4]: Entering directory '/home/psy/Documentos/GitProjects/icmc-cg/build/glfw/src/glfw-build/CMakeFiles/CMakeTmp'
Building C object CMakeFiles/cmTC_53949.dir/CheckFunctionExists.c.o
/usr/bin/cc   -DCHECK_FUNCTION_EXISTS=remove   -o CMakeFiles/cmTC_53949.dir/CheckFunctionExists.c.o   -c /usr/share/cmake-3.10/Modules/CheckFunctionExists.c
Linking C executable cmTC_53949
/usr/bin/cmake -E cmake_link_script CMakeFiles/cmTC_53949.dir/link.txt --verbose=1
/usr/bin/cc  -DCHECK_FUNCTION_EXISTS=remove    -rdynamic CMakeFiles/cmTC_53949.dir/CheckFunctionExists.c.o  -o cmTC_53949 
make[4]: Leaving directory '/home/psy/Documentos/GitProjects/icmc-cg/build/glfw/src/glfw-build/CMakeFiles/CMakeTmp'
make[3]: Leaving directory '/home/psy/Documentos/GitProjects/icmc-cg/build/glfw/src/glfw-build/CMakeFiles/CMakeTmp'


Determining if the function shmat exists passed with the following output:
Change Dir: /home/psy/Documentos/GitProjects/icmc-cg/build/glfw/src/glfw-build/CMakeFiles/CMakeTmp

Run Build Command:"/usr/bin/make" "cmTC_85c62/fast"
make[3]: Entering directory '/home/psy/Documentos/GitProjects/icmc-cg/build/glfw/src/glfw-build/CMakeFiles/CMakeTmp'
/usr/bin/make -f CMakeFiles/cmTC_85c62.dir/build.make CMakeFiles/cmTC_85c62.dir/build
make[4]: Entering directory '/home/psy/Documentos/GitProjects/icmc-cg/build/glfw/src/glfw-build/CMakeFiles/CMakeTmp'
Building C object CMakeFiles/cmTC_85c62.dir/CheckFunctionExists.c.o
/usr/bin/cc   -DCHECK_FUNCTION_EXISTS=shmat   -o CMakeFiles/cmTC_85c62.dir/CheckFunctionExists.c.o   -c /usr/share/cmake-3.10/Modules/CheckFunctionExists.c
Linking C executable cmTC_85c62
/usr/bin/cmake -E cmake_link_script CMakeFiles/cmTC_85c62.dir/link.txt --verbose=1
/usr/bin/cc  -DCHECK_FUNCTION_EXISTS=shmat    -rdynamic CMakeFiles/cmTC_85c62.dir/CheckFunctionExists.c.o  -o cmTC_85c62 
make[4]: Leaving directory '/home/psy/Documentos/GitProjects/icmc-cg/build/glfw/src/glfw-build/CMakeFiles/CMakeTmp'
make[3]: Leaving directory '/home/psy/Documentos/GitProjects/icmc-cg/build/glfw/src/glfw-build/CMakeFiles/CMakeTmp'


Determining if the function IceConnectionNumber exists in the ICE passed with the following output:
Change Dir: /home/psy/Documentos/GitProjects/icmc-cg/build/glfw/src/glfw-build/CMakeFiles/CMakeTmp

Run Build Command:"/usr/bin/make" "cmTC_e8580/fast"
make[3]: Entering directory '/home/psy/Documentos/GitProjects/icmc-cg/build/glfw/src/glfw-build/CMakeFiles/CMakeTmp'
/usr/bin/make -f CMakeFiles/cmTC_e8580.dir/build.make CMakeFiles/cmTC_e8580.dir/build
make[4]: Entering directory '/home/psy/Documentos/GitProjects/icmc-cg/build/glfw/src/glfw-build/CMakeFiles/CMakeTmp'
Building C object CMakeFiles/cmTC_e8580.dir/CheckFunctionExists.c.o
/usr/bin/cc   -DCHECK_FUNCTION_EXISTS=IceConnectionNumber   -o CMakeFiles/cmTC_e8580.dir/CheckFunctionExists.c.o   -c /usr/share/cmake-3.10/Modules/CheckFunctionExists.c
Linking C executable cmTC_e8580
/usr/bin/cmake -E cmake_link_script CMakeFiles/cmTC_e8580.dir/link.txt --verbose=1
/usr/bin/cc  -DCHECK_FUNCTION_EXISTS=IceConnectionNumber    -rdynamic CMakeFiles/cmTC_e8580.dir/CheckFunctionExists.c.o  -o cmTC_e8580 -lICE 
make[4]: Leaving directory '/home/psy/Documentos/GitProjects/icmc-cg/build/glfw/src/glfw-build/CMakeFiles/CMakeTmp'
make[3]: Leaving directory '/home/psy/Documentos/GitProjects/icmc-cg/build/glfw/src/glfw-build/CMakeFiles/CMakeTmp'


